-------------------------------------------------------------------------------
Test set: CourierCreateTest
-------------------------------------------------------------------------------
Tests run: 15, Failures: 3, Errors: 1, Skipped: 0, Time elapsed: 67.949 s <<< FAILURE! - in CourierCreateTest
loginCourierWithoutSectionPassword(CourierCreateTest)  Time elapsed: 60.198 s  <<< ERROR!
java.lang.IllegalStateException: 
Expected response body to be verified as JSON, HTML or XML but no content-type was defined in the response.
Try registering a default parser using:
   RestAssured.defaultParser(<parser type>);
Content was:
Service unavailable

	at CourierCreateTest.loginCourierWithoutSectionPassword(CourierCreateTest.java:240)

doubleCreateCourierTest(CourierCreateTest)  Time elapsed: 0.327 s  <<< FAILURE!
java.lang.AssertionError: 
1 expectation failed.
JSON path message doesn't match.
Expected: Ётот логин уже используетс€
  Actual: Ётот логин уже используетс€. ѕопробуйте другой.

	at CourierCreateTest.doubleCreateCourierTest(CourierCreateTest.java:50)

createCourierWithoutFirstNameTest(CourierCreateTest)  Time elapsed: 0.253 s  <<< FAILURE!
java.lang.AssertionError: 
1 expectation failed.
JSON path code doesn't match.
Expected: <400>
  Actual: null

	at CourierCreateTest.createCourierWithoutFirstNameTest(CourierCreateTest.java:100)

createCourierWithoutSectionFirstNameTest(CourierCreateTest)  Time elapsed: 0.254 s  <<< FAILURE!
java.lang.AssertionError: 
1 expectation failed.
JSON path code doesn't match.
Expected: <400>
  Actual: null

	at CourierCreateTest.createCourierWithoutSectionFirstNameTest(CourierCreateTest.java:117)

