-------------------------------------------------------------------------------
Test set: CourierAuthorizationTest
-------------------------------------------------------------------------------
Tests run: 7, Failures: 1, Errors: 0, Skipped: 0, Time elapsed: 67.222 s <<< FAILURE! - in CourierAuthorizationTest
loginCourierWithoutSectionPassword(CourierAuthorizationTest)  Time elapsed: 60.505 s  <<< FAILURE!
java.lang.AssertionError: 
1 expectation failed.
Expected status code <400> but was <504>.

	at CourierAuthorizationTest.loginCourierWithoutSectionPassword(CourierAuthorizationTest.java:65)

