<?xml version="1.0" encoding="UTF-8"?>
<testsuite xmlns:xsi="http://www.w3.org/2001/XMLSchema-instance" xsi:noNamespaceSchemaLocation="https://maven.apache.org/surefire/maven-surefire-plugin/xsd/surefire-test-report.xsd" name="CourierCreateTest" time="1.818" tests="8" errors="0" skipped="0" failures="3">
  <properties>
[...]
</properties>
  <testcase name="createNewCourierTest" classname="CourierCreateTest" time="0.246"/>
  <testcase name="createCourierWithoutSectionLoginTest1" classname="CourierCreateTest" time="0.084"/>
  <testcase name="doubleCreateCourierTest" classname="CourierCreateTest" time="0.422">
    <failure message="1 expectation failed.&#10;JSON path message doesn&apos;t match.&#10;Expected: Этот логин уже используется&#10;  Actual: Этот логин уже используется. Попробуйте другой.&#10;" type="java.lang.AssertionError">java.lang.AssertionError: 
1 expectation failed.
JSON path message doesn't match.
Expected: Этот логин уже используется
  Actual: Этот логин уже используется. Попробуйте другой.

	at CourierCreateTest.doubleCreateCourierTest(CourierCreateTest.java:35)
</failure>
    <system-out><![CDATA[Request method:	POST
Request URI:	http://qa-scooter.praktikum-services.ru/api/v1/courier
Proxy:			<none>
Request params:	<none>
Query params:	<none>
Form params:	<none>
Path params:	<none>
Headers:		Accept=*/*
				Content-Type=application/json
Cookies:		<none>
Multiparts:		<none>
Body:
{
    "login": "wqqanygignjafghggj",
    "password": "12345",
    "firstName": "sasdaskeq"
}
Request method:	POST
Request URI:	http://qa-scooter.praktikum-services.ru/api/v1/courier
Proxy:			<none>
Request params:	<none>
Query params:	<none>
Form params:	<none>
Path params:	<none>
Headers:		Accept=*/*
				Content-Type=application/json
Cookies:		<none>
Multiparts:		<none>
Body:
{
    "login": "wqqanygignjafghggj",
    "password": "12345",
    "firstName": "sasdaskeq"
}
]]></system-out>
  </testcase>
  <testcase name="createCourierWithoutPasswordTest" classname="CourierCreateTest" time="0.152"/>
  <testcase name="createCourierWithoutSectionPasswordTest" classname="CourierCreateTest" time="0.111"/>
  <testcase name="createCourierWithoutLoginTest" classname="CourierCreateTest" time="0.096"/>
  <testcase name="createCourierWithoutFirstNameTest" classname="CourierCreateTest" time="0.322">
    <failure message="1 expectation failed.&#10;Expected status code &lt;400&gt; but was &lt;201&gt;.&#10;" type="java.lang.AssertionError"><![CDATA[java.lang.AssertionError: 
1 expectation failed.
Expected status code <400> but was <201>.

	at CourierCreateTest.createCourierWithoutFirstNameTest(CourierCreateTest.java:60)
]]></failure>
    <system-out><![CDATA[Request method:	POST
Request URI:	http://qa-scooter.praktikum-services.ru/api/v1/courier
Proxy:			<none>
Request params:	<none>
Query params:	<none>
Form params:	<none>
Path params:	<none>
Headers:		Accept=*/*
				Content-Type=application/json
Cookies:		<none>
Multiparts:		<none>
Body:
{
    "login": "wqqanygignjafghggj",
    "password": "12345",
    "firstName": "",
    "rentTime": 0,
    "color": [
        "BLACK",
        "GREY"
    ]
}
HTTP/1.1 201 Created
Access-Control-Allow-Origin: *
Content-Length: 11
Content-Type: application/json; charset=utf-8
Date: Mon, 03 Apr 2023 18:57:35 GMT
ETag: W/"b-Ai2R8hgEarLmHKwesT1qcY913ys"
Set-Cookie: _yasc=Ce2TV864NQLi9jAkd4oGQyzjJHEVLQemFT52PJUPVusbUwaLrO8jsz1iIPXb; domain=.praktikum-services.ru; path=/; expires=Thu, 31-Mar-2033 18:57:35 GMT; secure
X-Powered-By: Express
X-Request-Id: 1680548255723462-15232570700719176184

{
    "ok": true
}
]]></system-out>
  </testcase>
  <testcase name="createCourierWithoutSectionFirstNameTest" classname="CourierCreateTest" time="0.374">
    <failure message="1 expectation failed.&#10;Expected status code &lt;400&gt; but was &lt;201&gt;.&#10;" type="java.lang.AssertionError"><![CDATA[java.lang.AssertionError: 
1 expectation failed.
Expected status code <400> but was <201>.

	at CourierCreateTest.createCourierWithoutSectionFirstNameTest(CourierCreateTest.java:69)
]]></failure>
    <system-out><![CDATA[Request method:	POST
Request URI:	http://qa-scooter.praktikum-services.ru/api/v1/courier
Proxy:			<none>
Request params:	<none>
Query params:	<none>
Form params:	<none>
Path params:	<none>
Headers:		Accept=*/*
				Content-Type=application/json
Cookies:		<none>
Multiparts:		<none>
Body:
{
    "login": "wqqanygignjafghggj",
    "password": "12345",
    "rentTime": 0,
    "color": [
        "BLACK",
        "GREY"
    ]
}
HTTP/1.1 201 Created
Access-Control-Allow-Origin: *
Content-Length: 11
Content-Type: application/json; charset=utf-8
Date: Mon, 03 Apr 2023 18:57:36 GMT
ETag: W/"b-Ai2R8hgEarLmHKwesT1qcY913ys"
Set-Cookie: _yasc=aH6XIFgZUdCMR1G3m/Z/OYbo9KZYbq27BTSmvQ6EkarQaA1qm1KcaYM+pBWI; domain=.praktikum-services.ru; path=/; expires=Thu, 31-Mar-2033 18:57:36 GMT; secure
X-Powered-By: Express
X-Request-Id: 1680548256068560-6403371783998942447

{
    "ok": true
}
]]></system-out>
  </testcase>
</testsuite>